<?xml version="1.0" encoding="UTF-8"?>
<testng-results skipped="0" failed="0" total="2" passed="2">
  <reporter-output>
  </reporter-output>
  <suite name="Suite" duration-ms="112" started-at="2018-08-29T15:24:55Z" finished-at="2018-08-29T15:24:55Z">
    <groups>
    </groups>
    <test name="ValidateTitleTest" duration-ms="42" started-at="2018-08-29T15:24:55Z" finished-at="2018-08-29T15:24:55Z">
      <class name="qmetry.ValidateTitleTest">
        <test-method status="PASS" signature="validateTitle()[pri:0, instance:qmetry.ValidateTitleTest@5b1d2887]" name="validateTitle" duration-ms="21" started-at="2018-08-29T20:54:55Z" finished-at="2018-08-29T20:54:55Z">
          <reporter-output>
          </reporter-output>
        </test-method> <!-- validateTitle -->
      </class> <!-- qmetry.ValidateTitleTest -->
    </test> <!-- ValidateTitleTest -->
    <test name="ValidateLoginTest" duration-ms="3" started-at="2018-08-29T15:24:55Z" finished-at="2018-08-29T15:24:55Z">
      <class name="qmetry.ValidateLoginTest">
        <test-method status="PASS" signature="validateLogin()[pri:0, instance:qmetry.ValidateLoginTest@13b6d03]" name="validateLogin" duration-ms="1" started-at="2018-08-29T20:54:55Z" finished-at="2018-08-29T20:54:55Z">
          <reporter-output>
          </reporter-output>
        </test-method> <!-- validateLogin -->
      </class> <!-- qmetry.ValidateLoginTest -->
    </test> <!-- ValidateLoginTest -->
  </suite> <!-- Suite -->
</testng-results>
