<?xml version="1.0" encoding="UTF-8"?>
<!-- Generated by org.testng.reporters.JUnitXMLReporter -->
<testsuite hostname="NLVHPRAABV00193" ignored="0" name="ValidateLoginTest" tests="1" failures="1" timestamp="30 Aug 2018 09:16:52 GMT" time="1.445" errors="0">
  <testcase name="validateLogin" time="1.438" classname="qmetry.ValidateLoginTest">
    <failure type="java.lang.AssertionError" message="expected [true] but found [false]">
      <![CDATA[java.lang.AssertionError: expected [true] but found [false]
at qmetry.ValidateLoginTest.validateLogin(ValidateLoginTest.java:24)
... Removed 29 stack frames]]>
    </failure>
  </testcase> <!-- validateLogin -->
</testsuite> <!-- ValidateLoginTest -->
